Arguments: 
  /usr/bin/node /home/xupeng/.yarn/bin/yarn.js add markdown-it-katex

PATH: 
  /home/xupeng/.yarn/bin:/home/xupeng/.config/yarn/global/node_modules/.bin:/home/xupeng/anaconda3/condabin:/home/xupeng/.local/bin:/usr/local/sbin:/usr/local/bin:/usr/sbin:/usr/bin:/sbin:/bin:/usr/games:/usr/local/games:/snap/bin

Yarn version: 
  1.19.2

Node version: 
  8.10.0

Platform: 
  linux x64

Trace: 
  Error: EACCES: permission denied, unlink '/home/xupeng/github/vuepressBlog/node_modules/match-at/LICENSE'

npm manifest: 
  {
    "name": "vuepressBlog",
    "version": "1.0.0",
    "description": "",
    "main": "index.js",
    "scripts": {
      "start": "vuepress dev docs",
      "dev": "vuepress dev docs",
      "build": "vuepress build docs",
      "deploy": "bash deploy.sh"
    },
    "keywords": [],
    "author": "",
    "license": "ISC",
    "dependencies": {
      "markdown-it-katex": "^2.0.3",
      "vuepress": "^0.14.4"
    }
  }

yarn manifest: 
  No manifest

Lockfile: 
  No lockfile
